2026-05-15 11:21:33,513 INFO  [org.jboss.modules] (main) JBoss Modules version 2.0.2.Final
2026-05-15 11:21:34,626 INFO  [org.jboss.msc] (main) JBoss MSC version 1.4.13.Final
2026-05-15 11:21:34,648 INFO  [org.jboss.threads] (main) JBoss Threads version 2.4.0.Final
2026-05-15 11:21:34,807 INFO  [org.jboss.as] (MSC service thread 1-2) WFLYSRV0049: WildFly Full 26.1.3.Final (WildFly Core 18.1.2.Final) starting
2026-05-15 11:21:34,809 DEBUG [org.jboss.as.config] (MSC service thread 1-2) Configured system properties:
	file.encoding = UTF-8
	file.separator = \
	java.awt.headless = true
	java.class.path = C:\Users\VaibhavPagar\Documents\Jboss\wildfly-26.1.3.Final\jboss-modules.jar
	java.class.version = 65.0
	java.home = C:\Program Files\Java\jdk-21.0.11
	java.io.tmpdir = C:\Users\VAIBHA~1\AppData\Local\Temp\
	java.library.path = C:\Program Files\Java\jdk-21.0.11\bin;C:\WINDOWS\Sun\Java\bin;C:\WINDOWS\system32;C:\WINDOWS;C:\WINDOWS\system32;C:\WINDOWS;C:\WINDOWS\System32\Wbem;C:\WINDOWS\System32\WindowsPowerShell\v1.0\;C:\WINDOWS\System32\OpenSSH\;C:\Program Files\Git\cmd;C:\Program Files\nodejs\;C:\Program Files\RedHat\Podman\;C:\Users\VaibhavPagar\Downloads\oc;C:\Program Files\PuTTY\;C:\Program Files\dotnet\;C:\Program Files\Java\jdk-21.0.11\bin;C:\Users\VaibhavPagar\Downloads\apache-maven-3.9.15-bin\apache-maven-3.9.15\bin;C:\Program Files\Java\jdk-21.0.11\bin;C:\WINDOWS\system32;C:\WINDOWS;C:\WINDOWS\System32\Wbem;C:\WINDOWS\System32\WindowsPowerShell\v1.0\;C:\WINDOWS\System32\OpenSSH\;C:\Program Files\Git\cmd;C:\Program Files\nodejs\;C:\Program Files\RedHat\Podman\;C:\Users\VaibhavPagar\Downloads\oc;C:\Program Files\PuTTY\;C:\Program Files\dotnet\;C:\Program Files\Java\jdk-21.0.11\bin;C:\Users\VaibhavPagar\Downloads\apache-maven-3.9.15-bin\apache-maven-3.9.15\bin;;.
	java.net.preferIPv4Stack = true
	java.runtime.name = Java(TM) SE Runtime Environment
	java.runtime.version = 21.0.11+9-LTS-211
	java.security.manager = allow
	java.specification.name = Java Platform API Specification
	java.specification.vendor = Oracle Corporation
	java.specification.version = 21
	java.util.logging.manager = org.jboss.logmanager.LogManager
	java.vendor = Oracle Corporation
	java.vendor.url = https://java.oracle.com/
	java.vendor.url.bug = https://bugreport.java.com/bugreport/
	java.version = 21.0.11
	java.version.date = 2026-04-21
	java.vm.compressedOopsMode = 32-bit
	java.vm.info = mixed mode, sharing
	java.vm.name = Java HotSpot(TM) 64-Bit Server VM
	java.vm.specification.name = Java Virtual Machine Specification
	java.vm.specification.vendor = Oracle Corporation
	java.vm.specification.version = 21
	java.vm.vendor = Oracle Corporation
	java.vm.version = 21.0.11+9-LTS-211
	javax.management.builder.initial = org.jboss.as.jmx.PluggableMBeanServerBuilder
	jboss.home.dir = C:\Users\VaibhavPagar\Documents\Jboss\wildfly-26.1.3.Final
	jboss.host.name = ibm-7fbnh24
	jboss.modules.dir = C:\Users\VaibhavPagar\Documents\Jboss\wildfly-26.1.3.Final\modules
	jboss.modules.system.pkgs = org.jboss.byteman
	jboss.node.name = ibm-7fbnh24
	jboss.qualified.host.name = ibm-7fbnh24
	jboss.server.base.dir = C:\Users\VaibhavPagar\Documents\Jboss\wildfly-26.1.3.Final\standalone
	jboss.server.config.dir = C:\Users\VaibhavPagar\Documents\Jboss\wildfly-26.1.3.Final\standalone\configuration
	jboss.server.data.dir = C:\Users\VaibhavPagar\Documents\Jboss\wildfly-26.1.3.Final\standalone\data
	jboss.server.deploy.dir = C:\Users\VaibhavPagar\Documents\Jboss\wildfly-26.1.3.Final\standalone\data\content
	jboss.server.log.dir = C:\Users\VaibhavPagar\Documents\Jboss\wildfly-26.1.3.Final\standalone\log
	jboss.server.name = ibm-7fbnh24
	jboss.server.persist.config = true
	jboss.server.temp.dir = C:\Users\VaibhavPagar\Documents\Jboss\wildfly-26.1.3.Final\standalone\tmp
	jdk.debug = release
	line.separator = 

	logging.configuration = file:C:\Users\VaibhavPagar\Documents\Jboss\wildfly-26.1.3.Final\standalone\configuration/logging.properties
	module.path = C:\Users\VaibhavPagar\Documents\Jboss\wildfly-26.1.3.Final\modules
	native.encoding = Cp1252
	org.jboss.boot.log.file = C:\Users\VaibhavPagar\Documents\Jboss\wildfly-26.1.3.Final\standalone\log\server.log
	org.jboss.resolver.warning = true
	os.arch = amd64
	os.name = Windows 11
	os.version = 10.0
	path.separator = ;
	program.name = standalone.bat
	stderr.encoding = cp437
	stdout.encoding = cp437
	sun.arch.data.model = 64
	sun.boot.library.path = C:\Program Files\Java\jdk-21.0.11\bin
	sun.cpu.endian = little
	sun.cpu.isalist = amd64
	sun.io.unicode.encoding = UnicodeLittle
	sun.java.command = C:\Users\VaibhavPagar\Documents\Jboss\wildfly-26.1.3.Final\jboss-modules.jar -mp C:\Users\VaibhavPagar\Documents\Jboss\wildfly-26.1.3.Final\modules org.jboss.as.standalone -Djboss.home.dir=C:\Users\VaibhavPagar\Documents\Jboss\wildfly-26.1.3.Final
	sun.java.launcher = SUN_STANDARD
	sun.jnu.encoding = Cp1252
	sun.management.compiler = HotSpot 64-Bit Tiered Compilers
	sun.os.patch.level = 
	user.country = IN
	user.dir = C:\Users\VaibhavPagar\Documents\Jboss\wildfly-26.1.3.Final\bin
	user.home = C:\Users\VaibhavPagar
	user.language = en
	user.name = VaibhavPagar
	user.script = 
	user.timezone = Asia/Calcutta
	user.variant = 
2026-05-15 11:21:34,812 DEBUG [org.jboss.as.config] (MSC service thread 1-2) VM Arguments: -Dprogram.name=standalone.bat -Xms64M -Xmx512M -XX:MetaspaceSize=96M -XX:MaxMetaspaceSize=256m -Djava.net.preferIPv4Stack=true -Djboss.modules.system.pkgs=org.jboss.byteman -Djava.awt.headless=true --add-exports=java.desktop/sun.awt=ALL-UNNAMED --add-exports=java.naming/com.sun.jndi.ldap=ALL-UNNAMED --add-exports=java.naming/com.sun.jndi.url.ldap=ALL-UNNAMED --add-exports=java.naming/com.sun.jndi.url.ldaps=ALL-UNNAMED --add-opens=java.base/java.lang=ALL-UNNAMED --add-opens=java.base/java.lang.invoke=ALL-UNNAMED --add-opens=java.base/java.io=ALL-UNNAMED --add-opens=java.base/java.lang.reflect=ALL-UNNAMED --add-opens=java.base/java.security=ALL-UNNAMED --add-opens=java.base/java.util=ALL-UNNAMED --add-opens=java.base/java.util.concurrent=ALL-UNNAMED --add-opens=java.management/javax.management=ALL-UNNAMED --add-opens=java.naming/javax.naming=ALL-UNNAMED -Djava.security.manager=allow -Dorg.jboss.boot.log.file=C:\Users\VaibhavPagar\Documents\Jboss\wildfly-26.1.3.Final\standalone\log\server.log -Dlogging.configuration=file:C:\Users\VaibhavPagar\Documents\Jboss\wildfly-26.1.3.Final\standalone\configuration/logging.properties 
2026-05-15 11:21:37,344 INFO  [org.wildfly.security] (ServerService Thread Pool -- 27) ELY00001: WildFly Elytron version 1.19.1.Final
2026-05-15 11:21:41,307 INFO  [org.jboss.as.server] (Controller Boot Thread) WFLYSRV0039: Creating http management service using socket-binding (management-http)
2026-05-15 11:21:41,393 INFO  [org.xnio] (MSC service thread 1-8) XNIO version 3.8.7.Final
2026-05-15 11:21:41,430 INFO  [org.xnio.nio] (MSC service thread 1-8) XNIO NIO Implementation Version 3.8.7.Final
2026-05-15 11:21:41,594 INFO  [org.jboss.as.jaxrs] (ServerService Thread Pool -- 56) WFLYRS0016: RESTEasy version 4.7.7.Final
2026-05-15 11:21:41,622 INFO  [org.wildfly.extension.elytron.oidc._private] (ServerService Thread Pool -- 52) WFLYOIDC0001: Activating WildFly Elytron OIDC Subsystem
2026-05-15 11:21:41,663 INFO  [org.wildfly.extension.health] (ServerService Thread Pool -- 53) WFLYHEALTH0001: Activating Base Health Subsystem
2026-05-15 11:21:41,681 INFO  [org.jboss.as.clustering.infinispan] (ServerService Thread Pool -- 54) WFLYCLINF0001: Activating Infinispan subsystem.
2026-05-15 11:21:41,684 WARN  [org.jboss.as.txn] (ServerService Thread Pool -- 74) WFLYTX0013: The node-identifier attribute on the /subsystem=transactions is set to the default value. This is a danger for environments running multiple servers. Please make sure the attribute value is unique.
2026-05-15 11:21:41,685 INFO  [org.wildfly.extension.microprofile.jwt.smallrye] (ServerService Thread Pool -- 65) WFLYJWT0001: Activating MicroProfile JWT Subsystem
2026-05-15 11:21:41,691 INFO  [org.wildfly.extension.microprofile.config.smallrye] (ServerService Thread Pool -- 64) WFLYCONF0001: Activating MicroProfile Config Subsystem
2026-05-15 11:21:41,719 INFO  [org.jboss.as.jsf] (ServerService Thread Pool -- 61) WFLYJSF0007: Activated the following Jakarta Server Faces Implementations: [main]
2026-05-15 11:21:41,807 INFO  [org.wildfly.extension.microprofile.opentracing] (ServerService Thread Pool -- 66) WFLYTRACEXT0001: Activating MicroProfile OpenTracing Subsystem
2026-05-15 11:21:41,826 INFO  [org.wildfly.extension.metrics] (ServerService Thread Pool -- 63) WFLYMETRICS0001: Activating Base Metrics Subsystem
2026-05-15 11:21:41,867 INFO  [org.jboss.as.naming] (ServerService Thread Pool -- 67) WFLYNAM0001: Activating Naming Subsystem
2026-05-15 11:21:41,869 INFO  [org.jboss.as.webservices] (ServerService Thread Pool -- 76) WFLYWS0002: Activating WebServices Extension
2026-05-15 11:21:41,899 INFO  [org.wildfly.extension.io] (ServerService Thread Pool -- 55) WFLYIO001: Worker 'default' has auto-configured to 24 IO threads with 192 max task threads based on your 12 available processors
2026-05-15 11:21:41,943 INFO  [org.jboss.as.connector] (MSC service thread 1-7) WFLYJCA0009: Starting Jakarta Connectors Subsystem (WildFly/IronJacamar 1.5.3.Final)
2026-05-15 11:21:42,088 INFO  [org.jboss.as.connector.subsystems.datasources] (ServerService Thread Pool -- 44) WFLYJCA0004: Deploying JDBC-compliant driver class org.h2.Driver (version 1.4)
2026-05-15 11:21:42,108 INFO  [org.wildfly.extension.undertow] (MSC service thread 1-2) WFLYUT0003: Undertow 2.2.19.Final starting
2026-05-15 11:21:42,128 INFO  [org.jboss.as.connector.deployers.jdbc] (MSC service thread 1-3) WFLYJCA0018: Started Driver service with driver-name = h2
2026-05-15 11:21:42,132 INFO  [org.jboss.as.naming] (MSC service thread 1-8) WFLYNAM0003: Starting Naming Service
2026-05-15 11:21:42,135 INFO  [org.jboss.as.mail.extension] (MSC service thread 1-2) WFLYMAIL0001: Bound mail session [java:jboss/mail/Default]
2026-05-15 11:21:42,194 WARN  [org.wildfly.extension.elytron] (MSC service thread 1-3) WFLYELY00023: KeyStore file 'C:\Users\VaibhavPagar\Documents\Jboss\wildfly-26.1.3.Final\standalone\configuration\application.keystore' does not exist. Used blank.
2026-05-15 11:21:42,214 INFO  [org.jboss.remoting] (MSC service thread 1-7) JBoss Remoting version 5.0.25.Final
2026-05-15 11:21:42,279 WARN  [org.wildfly.extension.elytron] (MSC service thread 1-6) WFLYELY01084: KeyStore C:\Users\VaibhavPagar\Documents\Jboss\wildfly-26.1.3.Final\standalone\configuration\application.keystore not found, it will be auto generated on first use with a self-signed certificate for host localhost
2026-05-15 11:21:42,385 INFO  [org.wildfly.extension.undertow] (ServerService Thread Pool -- 75) WFLYUT0014: Creating file handler for path 'C:\Users\VaibhavPagar\Documents\Jboss\wildfly-26.1.3.Final/welcome-content' with options [directory-listing: 'false', follow-symlink: 'false', case-sensitive: 'true', safe-symlink-paths: '[]']
2026-05-15 11:21:42,481 INFO  [org.jboss.as.ejb3] (MSC service thread 1-2) WFLYEJB0481: Strict pool slsb-strict-max-pool is using a max instance size of 192 (per class), which is derived from thread worker pool sizing.
2026-05-15 11:21:42,481 INFO  [org.jboss.as.ejb3] (MSC service thread 1-4) WFLYEJB0482: Strict pool mdb-strict-max-pool is using a max instance size of 48 (per class), which is derived from the number of CPUs on this host.
2026-05-15 11:21:42,543 INFO  [org.wildfly.extension.undertow] (MSC service thread 1-6) WFLYUT0012: Started server default-server.
2026-05-15 11:21:42,551 INFO  [org.wildfly.extension.undertow] (MSC service thread 1-8) Queuing requests.
2026-05-15 11:21:42,570 INFO  [org.wildfly.extension.undertow] (MSC service thread 1-8) WFLYUT0018: Host default-host starting
2026-05-15 11:21:42,745 INFO  [org.wildfly.extension.undertow] (MSC service thread 1-4) WFLYUT0006: Undertow HTTP listener default listening on 127.0.0.1:8081
2026-05-15 11:21:42,966 INFO  [org.wildfly.extension.undertow] (MSC service thread 1-8) WFLYUT0006: Undertow HTTPS listener https listening on 127.0.0.1:8443
2026-05-15 11:21:43,058 INFO  [org.jboss.as.ejb3] (MSC service thread 1-3) WFLYEJB0493: Jakarta Enterprise Beans subsystem suspension complete
2026-05-15 11:21:43,182 INFO  [org.jboss.as.patching] (MSC service thread 1-4) WFLYPAT0050: WildFly Full cumulative patch ID is: base, one-off patches include: none
2026-05-15 11:21:43,204 INFO  [org.jboss.as.server.deployment.scanner] (MSC service thread 1-6) WFLYDS0013: Started FileSystemDeploymentService for directory C:\Users\VaibhavPagar\Documents\Jboss\wildfly-26.1.3.Final\standalone\deployments
2026-05-15 11:21:43,235 INFO  [org.jboss.as.server.deployment] (MSC service thread 1-3) WFLYSRV0027: Starting deployment of "creditcard.war" (runtime-name: "creditcard.war")
2026-05-15 11:21:43,328 INFO  [org.jboss.as.connector.subsystems.datasources] (MSC service thread 1-8) WFLYJCA0001: Bound data source [java:/jdbc/FirstBankCCDS]
2026-05-15 11:21:43,328 INFO  [org.jboss.as.connector.subsystems.datasources] (MSC service thread 1-2) WFLYJCA0001: Bound data source [java:jboss/datasources/ExampleDS]
2026-05-15 11:21:43,386 INFO  [org.jboss.ws.common.management] (MSC service thread 1-5) JBWS022052: Starting JBossWS 5.5.0.Final (Apache CXF 3.4.10) 
2026-05-15 11:21:44,398 WARN  [org.jboss.as.server.deployment] (MSC service thread 1-4) WFLYSRV0059: Class Path entry activation.jar in /C:/Users/VaibhavPagar/Documents/Jboss/wildfly-26.1.3.Final/bin/content/creditcard.war/WEB-INF/lib/mail-1.4.jar  does not point to a valid jar for a Class-Path reference.
2026-05-15 11:21:44,401 WARN  [org.jboss.as.server.deployment] (MSC service thread 1-4) WFLYSRV0059: Class Path entry commons-beanutils.jar in /C:/Users/VaibhavPagar/Documents/Jboss/wildfly-26.1.3.Final/bin/content/creditcard.war/WEB-INF/lib/struts-1.1.jar  does not point to a valid jar for a Class-Path reference.
2026-05-15 11:21:44,401 WARN  [org.jboss.as.server.deployment] (MSC service thread 1-4) WFLYSRV0059: Class Path entry commons-collections.jar in /C:/Users/VaibhavPagar/Documents/Jboss/wildfly-26.1.3.Final/bin/content/creditcard.war/WEB-INF/lib/struts-1.1.jar  does not point to a valid jar for a Class-Path reference.
2026-05-15 11:21:44,401 WARN  [org.jboss.as.server.deployment] (MSC service thread 1-4) WFLYSRV0059: Class Path entry commons-digester.jar in /C:/Users/VaibhavPagar/Documents/Jboss/wildfly-26.1.3.Final/bin/content/creditcard.war/WEB-INF/lib/struts-1.1.jar  does not point to a valid jar for a Class-Path reference.
2026-05-15 11:21:44,402 WARN  [org.jboss.as.server.deployment] (MSC service thread 1-4) WFLYSRV0059: Class Path entry commons-logging.jar in /C:/Users/VaibhavPagar/Documents/Jboss/wildfly-26.1.3.Final/bin/content/creditcard.war/WEB-INF/lib/struts-1.1.jar  does not point to a valid jar for a Class-Path reference.
2026-05-15 11:21:44,403 WARN  [org.jboss.as.server.deployment] (MSC service thread 1-4) WFLYSRV0059: Class Path entry commons-validator.jar in /C:/Users/VaibhavPagar/Documents/Jboss/wildfly-26.1.3.Final/bin/content/creditcard.war/WEB-INF/lib/struts-1.1.jar  does not point to a valid jar for a Class-Path reference.
2026-05-15 11:21:44,404 WARN  [org.jboss.as.server.deployment] (MSC service thread 1-4) WFLYSRV0059: Class Path entry jakarta-oro.jar in /C:/Users/VaibhavPagar/Documents/Jboss/wildfly-26.1.3.Final/bin/content/creditcard.war/WEB-INF/lib/struts-1.1.jar  does not point to a valid jar for a Class-Path reference.
2026-05-15 11:21:44,405 WARN  [org.jboss.as.server.deployment] (MSC service thread 1-4) WFLYSRV0059: Class Path entry struts-legacy.jar in /C:/Users/VaibhavPagar/Documents/Jboss/wildfly-26.1.3.Final/bin/content/creditcard.war/WEB-INF/lib/struts-1.1.jar  does not point to a valid jar for a Class-Path reference.
2026-05-15 11:21:48,530 INFO  [org.infinispan.CONTAINER] (ServerService Thread Pool -- 78) ISPN000128: Infinispan version: Infinispan 'Triskaidekaphobia' 13.0.10.Final
2026-05-15 11:21:48,700 INFO  [org.infinispan.CONTAINER] (ServerService Thread Pool -- 78) ISPN000556: Starting user marshaller 'org.wildfly.clustering.infinispan.spi.marshalling.InfinispanProtoStreamMarshaller'
2026-05-15 11:21:49,140 INFO  [org.infinispan.CONFIG] (MSC service thread 1-4) ISPN000152: Passivation configured without an eviction policy being selected. Only manually evicted entities will be passivated.
2026-05-15 11:21:49,143 INFO  [org.infinispan.CONFIG] (MSC service thread 1-4) ISPN000152: Passivation configured without an eviction policy being selected. Only manually evicted entities will be passivated.
2026-05-15 11:21:49,198 INFO  [org.infinispan.CONTAINER] (ServerService Thread Pool -- 78) ISPN000025: wakeUpInterval is <= 0, not starting expired purge thread
2026-05-15 11:21:49,208 INFO  [org.jboss.as.clustering.infinispan] (ServerService Thread Pool -- 78) WFLYCLINF0002: Started http-remoting-connector cache from ejb container
2026-05-15 11:21:49,479 INFO  [org.apache.struts.util.PropertyMessageResources] (ServerService Thread Pool -- 94) Initializing, config='org.apache.struts.util.LocalStrings', returnNull=true
2026-05-15 11:21:49,481 INFO  [org.apache.struts.util.PropertyMessageResources] (ServerService Thread Pool -- 94) Initializing, config='org.apache.struts.action.ActionResources', returnNull=true
2026-05-15 11:21:49,774 ERROR [org.apache.commons.digester.Digester] (ServerService Thread Pool -- 94) Parse Error at line 161 column 17: The content of element type "struts-config" must match "(data-sources?,form-beans?,global-exceptions?,global-forwards?,action-mappings?,controller?,message-resources*,plug-in*)".: org.xml.sax.SAXParseException; systemId: file:/C:/Users/VaibhavPagar/Documents/Jboss/wildfly-26.1.3.Final/standalone/tmp/vfs/temp/temp3d86f510cd18ee7f/content-c5b179f21a851847/WEB-INF/struts-config.xml; lineNumber: 161; columnNumber: 17; The content of element type "struts-config" must match "(data-sources?,form-beans?,global-exceptions?,global-forwards?,action-mappings?,controller?,message-resources*,plug-in*)".
	at org.apache.xerces@2.12.0.SP03//org.apache.xerces.util.ErrorHandlerWrapper.createSAXParseException(ErrorHandlerWrapper.java:201)
	at org.apache.xerces@2.12.0.SP03//org.apache.xerces.util.ErrorHandlerWrapper.error(ErrorHandlerWrapper.java:132)
	at org.apache.xerces@2.12.0.SP03//org.apache.xerces.impl.XMLErrorReporter.reportError(XMLErrorReporter.java:394)
	at org.apache.xerces@2.12.0.SP03//org.apache.xerces.impl.XMLErrorReporter.reportError(XMLErrorReporter.java:325)
	at org.apache.xerces@2.12.0.SP03//org.apache.xerces.impl.XMLErrorReporter.reportError(XMLErrorReporter.java:282)
	at org.apache.xerces@2.12.0.SP03//org.apache.xerces.impl.dtd.XMLDTDValidator.handleEndElement(XMLDTDValidator.java:2041)
	at org.apache.xerces@2.12.0.SP03//org.apache.xerces.impl.dtd.XMLDTDValidator.endElement(XMLDTDValidator.java:926)
	at org.apache.xerces@2.12.0.SP03//org.apache.xerces.impl.XMLNSDocumentScannerImpl.scanEndElement(XMLNSDocumentScannerImpl.java:673)
	at org.apache.xerces@2.12.0.SP03//org.apache.xerces.impl.XMLDocumentFragmentScannerImpl$FragmentContentDispatcher.dispatch(XMLDocumentFragmentScannerImpl.java:1645)
	at org.apache.xerces@2.12.0.SP03//org.apache.xerces.impl.XMLDocumentFragmentScannerImpl.scanDocument(XMLDocumentFragmentScannerImpl.java:324)
	at org.apache.xerces@2.12.0.SP03//org.apache.xerces.parsers.XML11Configuration.parse(XML11Configuration.java:875)
	at org.apache.xerces@2.12.0.SP03//org.apache.xerces.parsers.XML11Configuration.parse(XML11Configuration.java:798)
	at org.apache.xerces@2.12.0.SP03//org.apache.xerces.parsers.XMLParser.parse(XMLParser.java:108)
	at org.apache.xerces@2.12.0.SP03//org.apache.xerces.parsers.AbstractSAXParser.parse(AbstractSAXParser.java:1198)
	at org.apache.xerces@2.12.0.SP03//org.apache.xerces.jaxp.SAXParserImpl$JAXPSAXParser.parse(SAXParserImpl.java:564)
	at deployment.creditcard.war//org.apache.commons.digester.Digester.parse(Digester.java:1572)
	at deployment.creditcard.war//org.apache.struts.action.ActionServlet.parseModuleConfigFile(ActionServlet.java:1006)
	at deployment.creditcard.war//org.apache.struts.action.ActionServlet.initModuleConfig(ActionServlet.java:955)
	at deployment.creditcard.war//org.apache.struts.action.ActionServlet.init(ActionServlet.java:470)
	at javax.servlet.api@2.0.0.Final//javax.servlet.GenericServlet.init(GenericServlet.java:180)
	at io.undertow.servlet@2.2.19.Final//io.undertow.servlet.core.LifecyleInterceptorInvocation.proceed(LifecyleInterceptorInvocation.java:117)
	at org.wildfly.security.elytron-web.undertow-server-servlet@1.10.1.Final//org.wildfly.elytron.web.undertow.server.servlet.RunAsLifecycleInterceptor.doIt(RunAsLifecycleInterceptor.java:70)
	at org.wildfly.security.elytron-web.undertow-server-servlet@1.10.1.Final//org.wildfly.elytron.web.undertow.server.servlet.RunAsLifecycleInterceptor.init(RunAsLifecycleInterceptor.java:76)
	at io.undertow.servlet@2.2.19.Final//io.undertow.servlet.core.LifecyleInterceptorInvocation.proceed(LifecyleInterceptorInvocation.java:103)
	at io.undertow.servlet@2.2.19.Final//io.undertow.servlet.core.ManagedServlet$DefaultInstanceStrategy.start(ManagedServlet.java:309)
	at io.undertow.servlet@2.2.19.Final//io.undertow.servlet.core.ManagedServlet.createServlet(ManagedServlet.java:145)
	at io.undertow.servlet@2.2.19.Final//io.undertow.servlet.core.DeploymentManagerImpl$2.call(DeploymentManagerImpl.java:588)
	at io.undertow.servlet@2.2.19.Final//io.undertow.servlet.core.DeploymentManagerImpl$2.call(DeploymentManagerImpl.java:559)
	at io.undertow.servlet@2.2.19.Final//io.undertow.servlet.core.ServletRequestContextThreadSetupAction$1.call(ServletRequestContextThreadSetupAction.java:42)
	at io.undertow.servlet@2.2.19.Final//io.undertow.servlet.core.ContextClassLoaderSetupAction$1.call(ContextClassLoaderSetupAction.java:43)
	at org.wildfly.extension.undertow@26.1.3.Final//org.wildfly.extension.undertow.deployment.UndertowDeploymentInfoService$UndertowThreadSetupAction.lambda$create$0(UndertowDeploymentInfoService.java:1544)
	at org.wildfly.extension.undertow@26.1.3.Final//org.wildfly.extension.undertow.deployment.UndertowDeploymentInfoService$UndertowThreadSetupAction.lambda$create$0(UndertowDeploymentInfoService.java:1544)
	at org.wildfly.extension.undertow@26.1.3.Final//org.wildfly.extension.undertow.deployment.UndertowDeploymentInfoService$UndertowThreadSetupAction.lambda$create$0(UndertowDeploymentInfoService.java:1544)
	at org.wildfly.extension.undertow@26.1.3.Final//org.wildfly.extension.undertow.deployment.UndertowDeploymentInfoService$UndertowThreadSetupAction.lambda$create$0(UndertowDeploymentInfoService.java:1544)
	at io.undertow.servlet@2.2.19.Final//io.undertow.servlet.core.DeploymentManagerImpl.start(DeploymentManagerImpl.java:601)
	at org.wildfly.extension.undertow@26.1.3.Final//org.wildfly.extension.undertow.deployment.UndertowDeploymentService.startContext(UndertowDeploymentService.java:106)
	at org.wildfly.extension.undertow@26.1.3.Final//org.wildfly.extension.undertow.deployment.UndertowDeploymentService$1.run(UndertowDeploymentService.java:87)
	at java.base/java.util.concurrent.Executors$RunnableAdapter.call(Executors.java:572)
	at java.base/java.util.concurrent.FutureTask.run(FutureTask.java:317)
	at org.jboss.threads@2.4.0.Final//org.jboss.threads.ContextClassLoaderSavingRunnable.run(ContextClassLoaderSavingRunnable.java:35)
	at org.jboss.threads@2.4.0.Final//org.jboss.threads.EnhancedQueueExecutor.safeRun(EnhancedQueueExecutor.java:1990)
	at org.jboss.threads@2.4.0.Final//org.jboss.threads.EnhancedQueueExecutor$ThreadBody.doRunTask(EnhancedQueueExecutor.java:1486)
	at org.jboss.threads@2.4.0.Final//org.jboss.threads.EnhancedQueueExecutor$ThreadBody.run(EnhancedQueueExecutor.java:1377)
	at java.base/java.lang.Thread.run(Thread.java:1583)
	at org.jboss.threads@2.4.0.Final//org.jboss.threads.JBossThread.run(JBossThread.java:513)

2026-05-15 11:21:49,785 INFO  [org.apache.struts.util.PropertyMessageResources] (ServerService Thread Pool -- 94) Initializing, config='ApplicationResources', returnNull=true
2026-05-15 11:21:49,797 ERROR [org.apache.struts.action.ActionServlet] (ServerService Thread Pool -- 94) Initializing application data source org.apache.struts.action.DATA_SOURCE: java.sql.SQLException: open: java.lang.ClassNotFoundException: oracle.jdbc.driver.OracleDriver from [Module "deployment.creditcard.war" from Service Module Loader]
	at deployment.creditcard.war//org.apache.struts.legacy.GenericDataSource.open(GenericDataSource.java:735)
	at deployment.creditcard.war//org.apache.struts.action.ActionServlet.initModuleDataSources(ActionServlet.java:1085)
	at deployment.creditcard.war//org.apache.struts.action.ActionServlet.init(ActionServlet.java:472)
	at javax.servlet.api@2.0.0.Final//javax.servlet.GenericServlet.init(GenericServlet.java:180)
	at io.undertow.servlet@2.2.19.Final//io.undertow.servlet.core.LifecyleInterceptorInvocation.proceed(LifecyleInterceptorInvocation.java:117)
	at org.wildfly.security.elytron-web.undertow-server-servlet@1.10.1.Final//org.wildfly.elytron.web.undertow.server.servlet.RunAsLifecycleInterceptor.doIt(RunAsLifecycleInterceptor.java:70)
	at org.wildfly.security.elytron-web.undertow-server-servlet@1.10.1.Final//org.wildfly.elytron.web.undertow.server.servlet.RunAsLifecycleInterceptor.init(RunAsLifecycleInterceptor.java:76)
	at io.undertow.servlet@2.2.19.Final//io.undertow.servlet.core.LifecyleInterceptorInvocation.proceed(LifecyleInterceptorInvocation.java:103)
	at io.undertow.servlet@2.2.19.Final//io.undertow.servlet.core.ManagedServlet$DefaultInstanceStrategy.start(ManagedServlet.java:309)
	at io.undertow.servlet@2.2.19.Final//io.undertow.servlet.core.ManagedServlet.createServlet(ManagedServlet.java:145)
	at io.undertow.servlet@2.2.19.Final//io.undertow.servlet.core.DeploymentManagerImpl$2.call(DeploymentManagerImpl.java:588)
	at io.undertow.servlet@2.2.19.Final//io.undertow.servlet.core.DeploymentManagerImpl$2.call(DeploymentManagerImpl.java:559)
	at io.undertow.servlet@2.2.19.Final//io.undertow.servlet.core.ServletRequestContextThreadSetupAction$1.call(ServletRequestContextThreadSetupAction.java:42)
	at io.undertow.servlet@2.2.19.Final//io.undertow.servlet.core.ContextClassLoaderSetupAction$1.call(ContextClassLoaderSetupAction.java:43)
	at org.wildfly.extension.undertow@26.1.3.Final//org.wildfly.extension.undertow.deployment.UndertowDeploymentInfoService$UndertowThreadSetupAction.lambda$create$0(UndertowDeploymentInfoService.java:1544)
	at org.wildfly.extension.undertow@26.1.3.Final//org.wildfly.extension.undertow.deployment.UndertowDeploymentInfoService$UndertowThreadSetupAction.lambda$create$0(UndertowDeploymentInfoService.java:1544)
	at org.wildfly.extension.undertow@26.1.3.Final//org.wildfly.extension.undertow.deployment.UndertowDeploymentInfoService$UndertowThreadSetupAction.lambda$create$0(UndertowDeploymentInfoService.java:1544)
	at org.wildfly.extension.undertow@26.1.3.Final//org.wildfly.extension.undertow.deployment.UndertowDeploymentInfoService$UndertowThreadSetupAction.lambda$create$0(UndertowDeploymentInfoService.java:1544)
	at io.undertow.servlet@2.2.19.Final//io.undertow.servlet.core.DeploymentManagerImpl.start(DeploymentManagerImpl.java:601)
	at org.wildfly.extension.undertow@26.1.3.Final//org.wildfly.extension.undertow.deployment.UndertowDeploymentService.startContext(UndertowDeploymentService.java:106)
	at org.wildfly.extension.undertow@26.1.3.Final//org.wildfly.extension.undertow.deployment.UndertowDeploymentService$1.run(UndertowDeploymentService.java:87)
	at java.base/java.util.concurrent.Executors$RunnableAdapter.call(Executors.java:572)
	at java.base/java.util.concurrent.FutureTask.run(FutureTask.java:317)
	at org.jboss.threads@2.4.0.Final//org.jboss.threads.ContextClassLoaderSavingRunnable.run(ContextClassLoaderSavingRunnable.java:35)
	at org.jboss.threads@2.4.0.Final//org.jboss.threads.EnhancedQueueExecutor.safeRun(EnhancedQueueExecutor.java:1990)
	at org.jboss.threads@2.4.0.Final//org.jboss.threads.EnhancedQueueExecutor$ThreadBody.doRunTask(EnhancedQueueExecutor.java:1486)
	at org.jboss.threads@2.4.0.Final//org.jboss.threads.EnhancedQueueExecutor$ThreadBody.run(EnhancedQueueExecutor.java:1377)
	at java.base/java.lang.Thread.run(Thread.java:1583)
	at org.jboss.threads@2.4.0.Final//org.jboss.threads.JBossThread.run(JBossThread.java:513)

2026-05-15 11:21:50,293 INFO  [org.wildfly.extension.undertow] (ServerService Thread Pool -- 94) WFLYUT0021: Registered web context: '/creditcard' for server 'default-server'
2026-05-15 11:21:50,419 INFO  [org.jboss.as.server] (ServerService Thread Pool -- 45) WFLYSRV0010: Deployed "creditcard.war" (runtime-name : "creditcard.war")
2026-05-15 11:21:50,504 INFO  [org.jboss.as.server] (Controller Boot Thread) WFLYSRV0212: Resuming server
2026-05-15 11:21:50,510 INFO  [org.jboss.as] (Controller Boot Thread) WFLYSRV0025: WildFly Full 26.1.3.Final (WildFly Core 18.1.2.Final) started in 17725ms - Started 1158 of 1360 services (342 services are lazy, passive or on-demand) - Server configuration file in use: standalone.xml
2026-05-15 11:21:50,515 INFO  [org.jboss.as] (Controller Boot Thread) WFLYSRV0060: Http management interface listening on http://127.0.0.1:9990/management
2026-05-15 11:21:50,516 INFO  [org.jboss.as] (Controller Boot Thread) WFLYSRV0051: Admin console listening on http://127.0.0.1:9990
2026-05-15 11:21:54,208 INFO  [org.apache.struts.util.PropertyMessageResources] (default task-1) Initializing, config='org.apache.struts.action.ActionResources', returnNull=true
2026-05-15 11:21:54,277 ERROR [org.apache.commons.digester.Digester] (default task-1) Parse Error at line 161 column 17: The content of element type "struts-config" must match "(data-sources?,form-beans?,global-exceptions?,global-forwards?,action-mappings?,controller?,message-resources*,plug-in*)".: org.xml.sax.SAXParseException; systemId: file:/C:/Users/VaibhavPagar/Documents/Jboss/wildfly-26.1.3.Final/standalone/tmp/vfs/temp/temp3d86f510cd18ee7f/content-c5b179f21a851847/WEB-INF/struts-config.xml; lineNumber: 161; columnNumber: 17; The content of element type "struts-config" must match "(data-sources?,form-beans?,global-exceptions?,global-forwards?,action-mappings?,controller?,message-resources*,plug-in*)".
	at org.apache.xerces@2.12.0.SP03//org.apache.xerces.util.ErrorHandlerWrapper.createSAXParseException(ErrorHandlerWrapper.java:201)
	at org.apache.xerces@2.12.0.SP03//org.apache.xerces.util.ErrorHandlerWrapper.error(ErrorHandlerWrapper.java:132)
	at org.apache.xerces@2.12.0.SP03//org.apache.xerces.impl.XMLErrorReporter.reportError(XMLErrorReporter.java:394)
	at org.apache.xerces@2.12.0.SP03//org.apache.xerces.impl.XMLErrorReporter.reportError(XMLErrorReporter.java:325)
	at org.apache.xerces@2.12.0.SP03//org.apache.xerces.impl.XMLErrorReporter.reportError(XMLErrorReporter.java:282)
	at org.apache.xerces@2.12.0.SP03//org.apache.xerces.impl.dtd.XMLDTDValidator.handleEndElement(XMLDTDValidator.java:2041)
	at org.apache.xerces@2.12.0.SP03//org.apache.xerces.impl.dtd.XMLDTDValidator.endElement(XMLDTDValidator.java:926)
	at org.apache.xerces@2.12.0.SP03//org.apache.xerces.impl.XMLNSDocumentScannerImpl.scanEndElement(XMLNSDocumentScannerImpl.java:673)
	at org.apache.xerces@2.12.0.SP03//org.apache.xerces.impl.XMLDocumentFragmentScannerImpl$FragmentContentDispatcher.dispatch(XMLDocumentFragmentScannerImpl.java:1645)
	at org.apache.xerces@2.12.0.SP03//org.apache.xerces.impl.XMLDocumentFragmentScannerImpl.scanDocument(XMLDocumentFragmentScannerImpl.java:324)
	at org.apache.xerces@2.12.0.SP03//org.apache.xerces.parsers.XML11Configuration.parse(XML11Configuration.java:875)
	at org.apache.xerces@2.12.0.SP03//org.apache.xerces.parsers.XML11Configuration.parse(XML11Configuration.java:798)
	at org.apache.xerces@2.12.0.SP03//org.apache.xerces.parsers.XMLParser.parse(XMLParser.java:108)
	at org.apache.xerces@2.12.0.SP03//org.apache.xerces.parsers.AbstractSAXParser.parse(AbstractSAXParser.java:1198)
	at org.apache.xerces@2.12.0.SP03//org.apache.xerces.jaxp.SAXParserImpl$JAXPSAXParser.parse(SAXParserImpl.java:564)
	at deployment.creditcard.war//org.apache.commons.digester.Digester.parse(Digester.java:1572)
	at deployment.creditcard.war//org.apache.struts.action.ActionServlet.parseModuleConfigFile(ActionServlet.java:1006)
	at deployment.creditcard.war//org.apache.struts.action.ActionServlet.initModuleConfig(ActionServlet.java:955)
	at deployment.creditcard.war//org.apache.struts.action.ActionServlet.init(ActionServlet.java:470)
	at javax.servlet.api@2.0.0.Final//javax.servlet.GenericServlet.init(GenericServlet.java:180)
	at io.undertow.servlet@2.2.19.Final//io.undertow.servlet.core.LifecyleInterceptorInvocation.proceed(LifecyleInterceptorInvocation.java:117)
	at org.wildfly.security.elytron-web.undertow-server-servlet@1.10.1.Final//org.wildfly.elytron.web.undertow.server.servlet.RunAsLifecycleInterceptor.doIt(RunAsLifecycleInterceptor.java:70)
	at org.wildfly.security.elytron-web.undertow-server-servlet@1.10.1.Final//org.wildfly.elytron.web.undertow.server.servlet.RunAsLifecycleInterceptor.init(RunAsLifecycleInterceptor.java:76)
	at io.undertow.servlet@2.2.19.Final//io.undertow.servlet.core.LifecyleInterceptorInvocation.proceed(LifecyleInterceptorInvocation.java:103)
	at io.undertow.servlet@2.2.19.Final//io.undertow.servlet.core.ManagedServlet$DefaultInstanceStrategy.start(ManagedServlet.java:309)
	at io.undertow.servlet@2.2.19.Final//io.undertow.servlet.core.ManagedServlet.forceInit(ManagedServlet.java:212)
	at io.undertow.servlet@2.2.19.Final//io.undertow.servlet.handlers.ServletChain.forceInit(ServletChain.java:130)
	at io.undertow.servlet@2.2.19.Final//io.undertow.servlet.handlers.ServletChain$1.handleRequest(ServletChain.java:63)
	at io.undertow.servlet@2.2.19.Final//io.undertow.servlet.handlers.ServletDispatchingHandler.handleRequest(ServletDispatchingHandler.java:36)
	at org.wildfly.security.elytron-web.undertow-server@1.10.1.Final//org.wildfly.elytron.web.undertow.server.ElytronRunAsHandler.lambda$handleRequest$1(ElytronRunAsHandler.java:68)
	at org.wildfly.security.elytron-base@1.19.1.Final//org.wildfly.security.auth.server.FlexibleIdentityAssociation.runAsFunctionEx(FlexibleIdentityAssociation.java:103)
	at org.wildfly.security.elytron-base@1.19.1.Final//org.wildfly.security.auth.server.Scoped.runAsFunctionEx(Scoped.java:161)
	at org.wildfly.security.elytron-base@1.19.1.Final//org.wildfly.security.auth.server.Scoped.runAs(Scoped.java:73)
	at org.wildfly.security.elytron-web.undertow-server@1.10.1.Final//org.wildfly.elytron.web.undertow.server.ElytronRunAsHandler.handleRequest(ElytronRunAsHandler.java:67)
	at io.undertow.servlet@2.2.19.Final//io.undertow.servlet.handlers.RedirectDirHandler.handleRequest(RedirectDirHandler.java:68)
	at io.undertow.servlet@2.2.19.Final//io.undertow.servlet.handlers.security.SSLInformationAssociationHandler.handleRequest(SSLInformationAssociationHandler.java:117)
	at io.undertow.servlet@2.2.19.Final//io.undertow.servlet.handlers.security.ServletAuthenticationCallHandler.handleRequest(ServletAuthenticationCallHandler.java:57)
	at io.undertow.core@2.2.19.Final//io.undertow.server.handlers.PredicateHandler.handleRequest(PredicateHandler.java:43)
	at io.undertow.core@2.2.19.Final//io.undertow.security.handlers.AuthenticationConstraintHandler.handleRequest(AuthenticationConstraintHandler.java:53)
	at io.undertow.core@2.2.19.Final//io.undertow.security.handlers.AbstractConfidentialityHandler.handleRequest(AbstractConfidentialityHandler.java:46)
	at io.undertow.servlet@2.2.19.Final//io.undertow.servlet.handlers.security.ServletConfidentialityConstraintHandler.handleRequest(ServletConfidentialityConstraintHandler.java:64)
	at io.undertow.servlet@2.2.19.Final//io.undertow.servlet.handlers.security.ServletSecurityConstraintHandler.handleRequest(ServletSecurityConstraintHandler.java:59)
	at io.undertow.core@2.2.19.Final//io.undertow.security.handlers.AbstractSecurityContextAssociationHandler.handleRequest(AbstractSecurityContextAssociationHandler.java:43)
	at org.wildfly.security.elytron-web.undertow-server-servlet@1.10.1.Final//org.wildfly.elytron.web.undertow.server.servlet.CleanUpHandler.handleRequest(CleanUpHandler.java:38)
	at io.undertow.core@2.2.19.Final//io.undertow.server.handlers.PredicateHandler.handleRequest(PredicateHandler.java:43)
	at org.wildfly.extension.undertow@26.1.3.Final//org.wildfly.extension.undertow.security.jacc.JACCContextIdHandler.handleRequest(JACCContextIdHandler.java:61)
	at io.undertow.core@2.2.19.Final//io.undertow.server.handlers.PredicateHandler.handleRequest(PredicateHandler.java:43)
	at org.wildfly.extension.undertow@26.1.3.Final//org.wildfly.extension.undertow.deployment.GlobalRequestControllerHandler.handleRequest(GlobalRequestControllerHandler.java:68)
	at io.undertow.servlet@2.2.19.Final//io.undertow.servlet.handlers.SendErrorPageHandler.handleRequest(SendErrorPageHandler.java:52)
	at io.undertow.core@2.2.19.Final//io.undertow.server.handlers.PredicateHandler.handleRequest(PredicateHandler.java:43)
	at io.undertow.servlet@2.2.19.Final//io.undertow.servlet.handlers.ServletInitialHandler.handleFirstRequest(ServletInitialHandler.java:275)
	at io.undertow.servlet@2.2.19.Final//io.undertow.servlet.handlers.ServletInitialHandler.access$100(ServletInitialHandler.java:79)
	at io.undertow.servlet@2.2.19.Final//io.undertow.servlet.handlers.ServletInitialHandler$2.call(ServletInitialHandler.java:134)
	at io.undertow.servlet@2.2.19.Final//io.undertow.servlet.handlers.ServletInitialHandler$2.call(ServletInitialHandler.java:131)
	at io.undertow.servlet@2.2.19.Final//io.undertow.servlet.core.ServletRequestContextThreadSetupAction$1.call(ServletRequestContextThreadSetupAction.java:48)
	at io.undertow.servlet@2.2.19.Final//io.undertow.servlet.core.ContextClassLoaderSetupAction$1.call(ContextClassLoaderSetupAction.java:43)
	at org.wildfly.extension.undertow@26.1.3.Final//org.wildfly.extension.undertow.deployment.UndertowDeploymentInfoService$UndertowThreadSetupAction.lambda$create$0(UndertowDeploymentInfoService.java:1544)
	at org.wildfly.extension.undertow@26.1.3.Final//org.wildfly.extension.undertow.deployment.UndertowDeploymentInfoService$UndertowThreadSetupAction.lambda$create$0(UndertowDeploymentInfoService.java:1544)
	at org.wildfly.extension.undertow@26.1.3.Final//org.wildfly.extension.undertow.deployment.UndertowDeploymentInfoService$UndertowThreadSetupAction.lambda$create$0(UndertowDeploymentInfoService.java:1544)
	at org.wildfly.extension.undertow@26.1.3.Final//org.wildfly.extension.undertow.deployment.UndertowDeploymentInfoService$UndertowThreadSetupAction.lambda$create$0(UndertowDeploymentInfoService.java:1544)
	at io.undertow.servlet@2.2.19.Final//io.undertow.servlet.handlers.ServletInitialHandler.dispatchRequest(ServletInitialHandler.java:255)
	at io.undertow.servlet@2.2.19.Final//io.undertow.servlet.handlers.ServletInitialHandler.access$000(ServletInitialHandler.java:79)
	at io.undertow.servlet@2.2.19.Final//io.undertow.servlet.handlers.ServletInitialHandler$1.handleRequest(ServletInitialHandler.java:100)
	at io.undertow.core@2.2.19.Final//io.undertow.server.Connectors.executeRootHandler(Connectors.java:387)
	at io.undertow.core@2.2.19.Final//io.undertow.server.HttpServerExchange$1.run(HttpServerExchange.java:852)
	at org.jboss.threads@2.4.0.Final//org.jboss.threads.ContextClassLoaderSavingRunnable.run(ContextClassLoaderSavingRunnable.java:35)
	at org.jboss.threads@2.4.0.Final//org.jboss.threads.EnhancedQueueExecutor.safeRun(EnhancedQueueExecutor.java:1990)
	at org.jboss.threads@2.4.0.Final//org.jboss.threads.EnhancedQueueExecutor$ThreadBody.doRunTask(EnhancedQueueExecutor.java:1486)
	at org.jboss.threads@2.4.0.Final//org.jboss.threads.EnhancedQueueExecutor$ThreadBody.run(EnhancedQueueExecutor.java:1348)
	at org.jboss.xnio@3.8.7.Final//org.xnio.XnioWorker$WorkerThreadFactory$1$1.run(XnioWorker.java:1282)
	at java.base/java.lang.Thread.run(Thread.java:1583)

2026-05-15 11:21:54,282 INFO  [org.apache.struts.util.PropertyMessageResources] (default task-1) Initializing, config='ApplicationResources', returnNull=true
2026-05-15 11:21:54,287 ERROR [org.apache.struts.action.ActionServlet] (default task-1) Initializing application data source org.apache.struts.action.DATA_SOURCE: java.sql.SQLException: open: java.lang.ClassNotFoundException: oracle.jdbc.driver.OracleDriver from [Module "deployment.creditcard.war" from Service Module Loader]
	at deployment.creditcard.war//org.apache.struts.legacy.GenericDataSource.open(GenericDataSource.java:735)
	at deployment.creditcard.war//org.apache.struts.action.ActionServlet.initModuleDataSources(ActionServlet.java:1085)
	at deployment.creditcard.war//org.apache.struts.action.ActionServlet.init(ActionServlet.java:472)
	at javax.servlet.api@2.0.0.Final//javax.servlet.GenericServlet.init(GenericServlet.java:180)
	at io.undertow.servlet@2.2.19.Final//io.undertow.servlet.core.LifecyleInterceptorInvocation.proceed(LifecyleInterceptorInvocation.java:117)
	at org.wildfly.security.elytron-web.undertow-server-servlet@1.10.1.Final//org.wildfly.elytron.web.undertow.server.servlet.RunAsLifecycleInterceptor.doIt(RunAsLifecycleInterceptor.java:70)
	at org.wildfly.security.elytron-web.undertow-server-servlet@1.10.1.Final//org.wildfly.elytron.web.undertow.server.servlet.RunAsLifecycleInterceptor.init(RunAsLifecycleInterceptor.java:76)
	at io.undertow.servlet@2.2.19.Final//io.undertow.servlet.core.LifecyleInterceptorInvocation.proceed(LifecyleInterceptorInvocation.java:103)
	at io.undertow.servlet@2.2.19.Final//io.undertow.servlet.core.ManagedServlet$DefaultInstanceStrategy.start(ManagedServlet.java:309)
	at io.undertow.servlet@2.2.19.Final//io.undertow.servlet.core.ManagedServlet.forceInit(ManagedServlet.java:212)
	at io.undertow.servlet@2.2.19.Final//io.undertow.servlet.handlers.ServletChain.forceInit(ServletChain.java:130)
	at io.undertow.servlet@2.2.19.Final//io.undertow.servlet.handlers.ServletChain$1.handleRequest(ServletChain.java:63)
	at io.undertow.servlet@2.2.19.Final//io.undertow.servlet.handlers.ServletDispatchingHandler.handleRequest(ServletDispatchingHandler.java:36)
	at org.wildfly.security.elytron-web.undertow-server@1.10.1.Final//org.wildfly.elytron.web.undertow.server.ElytronRunAsHandler.lambda$handleRequest$1(ElytronRunAsHandler.java:68)
	at org.wildfly.security.elytron-base@1.19.1.Final//org.wildfly.security.auth.server.FlexibleIdentityAssociation.runAsFunctionEx(FlexibleIdentityAssociation.java:103)
	at org.wildfly.security.elytron-base@1.19.1.Final//org.wildfly.security.auth.server.Scoped.runAsFunctionEx(Scoped.java:161)
	at org.wildfly.security.elytron-base@1.19.1.Final//org.wildfly.security.auth.server.Scoped.runAs(Scoped.java:73)
	at org.wildfly.security.elytron-web.undertow-server@1.10.1.Final//org.wildfly.elytron.web.undertow.server.ElytronRunAsHandler.handleRequest(ElytronRunAsHandler.java:67)
	at io.undertow.servlet@2.2.19.Final//io.undertow.servlet.handlers.RedirectDirHandler.handleRequest(RedirectDirHandler.java:68)
	at io.undertow.servlet@2.2.19.Final//io.undertow.servlet.handlers.security.SSLInformationAssociationHandler.handleRequest(SSLInformationAssociationHandler.java:117)
	at io.undertow.servlet@2.2.19.Final//io.undertow.servlet.handlers.security.ServletAuthenticationCallHandler.handleRequest(ServletAuthenticationCallHandler.java:57)
	at io.undertow.core@2.2.19.Final//io.undertow.server.handlers.PredicateHandler.handleRequest(PredicateHandler.java:43)
	at io.undertow.core@2.2.19.Final//io.undertow.security.handlers.AuthenticationConstraintHandler.handleRequest(AuthenticationConstraintHandler.java:53)
	at io.undertow.core@2.2.19.Final//io.undertow.security.handlers.AbstractConfidentialityHandler.handleRequest(AbstractConfidentialityHandler.java:46)
	at io.undertow.servlet@2.2.19.Final//io.undertow.servlet.handlers.security.ServletConfidentialityConstraintHandler.handleRequest(ServletConfidentialityConstraintHandler.java:64)
	at io.undertow.servlet@2.2.19.Final//io.undertow.servlet.handlers.security.ServletSecurityConstraintHandler.handleRequest(ServletSecurityConstraintHandler.java:59)
	at io.undertow.core@2.2.19.Final//io.undertow.security.handlers.AbstractSecurityContextAssociationHandler.handleRequest(AbstractSecurityContextAssociationHandler.java:43)
	at org.wildfly.security.elytron-web.undertow-server-servlet@1.10.1.Final//org.wildfly.elytron.web.undertow.server.servlet.CleanUpHandler.handleRequest(CleanUpHandler.java:38)
	at io.undertow.core@2.2.19.Final//io.undertow.server.handlers.PredicateHandler.handleRequest(PredicateHandler.java:43)
	at org.wildfly.extension.undertow@26.1.3.Final//org.wildfly.extension.undertow.security.jacc.JACCContextIdHandler.handleRequest(JACCContextIdHandler.java:61)
	at io.undertow.core@2.2.19.Final//io.undertow.server.handlers.PredicateHandler.handleRequest(PredicateHandler.java:43)
	at org.wildfly.extension.undertow@26.1.3.Final//org.wildfly.extension.undertow.deployment.GlobalRequestControllerHandler.handleRequest(GlobalRequestControllerHandler.java:68)
	at io.undertow.servlet@2.2.19.Final//io.undertow.servlet.handlers.SendErrorPageHandler.handleRequest(SendErrorPageHandler.java:52)
	at io.undertow.core@2.2.19.Final//io.undertow.server.handlers.PredicateHandler.handleRequest(PredicateHandler.java:43)
	at io.undertow.servlet@2.2.19.Final//io.undertow.servlet.handlers.ServletInitialHandler.handleFirstRequest(ServletInitialHandler.java:275)
	at io.undertow.servlet@2.2.19.Final//io.undertow.servlet.handlers.ServletInitialHandler.access$100(ServletInitialHandler.java:79)
	at io.undertow.servlet@2.2.19.Final//io.undertow.servlet.handlers.ServletInitialHandler$2.call(ServletInitialHandler.java:134)
	at io.undertow.servlet@2.2.19.Final//io.undertow.servlet.handlers.ServletInitialHandler$2.call(ServletInitialHandler.java:131)
	at io.undertow.servlet@2.2.19.Final//io.undertow.servlet.core.ServletRequestContextThreadSetupAction$1.call(ServletRequestContextThreadSetupAction.java:48)
	at io.undertow.servlet@2.2.19.Final//io.undertow.servlet.core.ContextClassLoaderSetupAction$1.call(ContextClassLoaderSetupAction.java:43)
	at org.wildfly.extension.undertow@26.1.3.Final//org.wildfly.extension.undertow.deployment.UndertowDeploymentInfoService$UndertowThreadSetupAction.lambda$create$0(UndertowDeploymentInfoService.java:1544)
	at org.wildfly.extension.undertow@26.1.3.Final//org.wildfly.extension.undertow.deployment.UndertowDeploymentInfoService$UndertowThreadSetupAction.lambda$create$0(UndertowDeploymentInfoService.java:1544)
	at org.wildfly.extension.undertow@26.1.3.Final//org.wildfly.extension.undertow.deployment.UndertowDeploymentInfoService$UndertowThreadSetupAction.lambda$create$0(UndertowDeploymentInfoService.java:1544)
	at org.wildfly.extension.undertow@26.1.3.Final//org.wildfly.extension.undertow.deployment.UndertowDeploymentInfoService$UndertowThreadSetupAction.lambda$create$0(UndertowDeploymentInfoService.java:1544)
	at io.undertow.servlet@2.2.19.Final//io.undertow.servlet.handlers.ServletInitialHandler.dispatchRequest(ServletInitialHandler.java:255)
	at io.undertow.servlet@2.2.19.Final//io.undertow.servlet.handlers.ServletInitialHandler.access$000(ServletInitialHandler.java:79)
	at io.undertow.servlet@2.2.19.Final//io.undertow.servlet.handlers.ServletInitialHandler$1.handleRequest(ServletInitialHandler.java:100)
	at io.undertow.core@2.2.19.Final//io.undertow.server.Connectors.executeRootHandler(Connectors.java:387)
	at io.undertow.core@2.2.19.Final//io.undertow.server.HttpServerExchange$1.run(HttpServerExchange.java:852)
	at org.jboss.threads@2.4.0.Final//org.jboss.threads.ContextClassLoaderSavingRunnable.run(ContextClassLoaderSavingRunnable.java:35)
	at org.jboss.threads@2.4.0.Final//org.jboss.threads.EnhancedQueueExecutor.safeRun(EnhancedQueueExecutor.java:1990)
	at org.jboss.threads@2.4.0.Final//org.jboss.threads.EnhancedQueueExecutor$ThreadBody.doRunTask(EnhancedQueueExecutor.java:1486)
	at org.jboss.threads@2.4.0.Final//org.jboss.threads.EnhancedQueueExecutor$ThreadBody.run(EnhancedQueueExecutor.java:1348)
	at org.jboss.xnio@3.8.7.Final//org.xnio.XnioWorker$WorkerThreadFactory$1$1.run(XnioWorker.java:1282)
	at java.base/java.lang.Thread.run(Thread.java:1583)

2026-05-15 11:21:54,299 ERROR [io.undertow.servlet.request] (default task-1) UT015002: Stopping servlet action due to permanent unavailability: javax.servlet.UnavailableException: Initializing application data source org.apache.struts.action.DATA_SOURCE
	at deployment.creditcard.war//org.apache.struts.action.ActionServlet.initModuleDataSources(ActionServlet.java:1091)
	at deployment.creditcard.war//org.apache.struts.action.ActionServlet.init(ActionServlet.java:472)
	at javax.servlet.api@2.0.0.Final//javax.servlet.GenericServlet.init(GenericServlet.java:180)
	at io.undertow.servlet@2.2.19.Final//io.undertow.servlet.core.LifecyleInterceptorInvocation.proceed(LifecyleInterceptorInvocation.java:117)
	at org.wildfly.security.elytron-web.undertow-server-servlet@1.10.1.Final//org.wildfly.elytron.web.undertow.server.servlet.RunAsLifecycleInterceptor.doIt(RunAsLifecycleInterceptor.java:70)
	at org.wildfly.security.elytron-web.undertow-server-servlet@1.10.1.Final//org.wildfly.elytron.web.undertow.server.servlet.RunAsLifecycleInterceptor.init(RunAsLifecycleInterceptor.java:76)
	at io.undertow.servlet@2.2.19.Final//io.undertow.servlet.core.LifecyleInterceptorInvocation.proceed(LifecyleInterceptorInvocation.java:103)
	at io.undertow.servlet@2.2.19.Final//io.undertow.servlet.core.ManagedServlet$DefaultInstanceStrategy.start(ManagedServlet.java:309)
	at io.undertow.servlet@2.2.19.Final//io.undertow.servlet.core.ManagedServlet.forceInit(ManagedServlet.java:212)
	at io.undertow.servlet@2.2.19.Final//io.undertow.servlet.handlers.ServletChain.forceInit(ServletChain.java:130)
	at io.undertow.servlet@2.2.19.Final//io.undertow.servlet.handlers.ServletChain$1.handleRequest(ServletChain.java:63)
	at io.undertow.servlet@2.2.19.Final//io.undertow.servlet.handlers.ServletDispatchingHandler.handleRequest(ServletDispatchingHandler.java:36)
	at org.wildfly.security.elytron-web.undertow-server@1.10.1.Final//org.wildfly.elytron.web.undertow.server.ElytronRunAsHandler.lambda$handleRequest$1(ElytronRunAsHandler.java:68)
	at org.wildfly.security.elytron-base@1.19.1.Final//org.wildfly.security.auth.server.FlexibleIdentityAssociation.runAsFunctionEx(FlexibleIdentityAssociation.java:103)
	at org.wildfly.security.elytron-base@1.19.1.Final//org.wildfly.security.auth.server.Scoped.runAsFunctionEx(Scoped.java:161)
	at org.wildfly.security.elytron-base@1.19.1.Final//org.wildfly.security.auth.server.Scoped.runAs(Scoped.java:73)
	at org.wildfly.security.elytron-web.undertow-server@1.10.1.Final//org.wildfly.elytron.web.undertow.server.ElytronRunAsHandler.handleRequest(ElytronRunAsHandler.java:67)
	at io.undertow.servlet@2.2.19.Final//io.undertow.servlet.handlers.RedirectDirHandler.handleRequest(RedirectDirHandler.java:68)
	at io.undertow.servlet@2.2.19.Final//io.undertow.servlet.handlers.security.SSLInformationAssociationHandler.handleRequest(SSLInformationAssociationHandler.java:117)
	at io.undertow.servlet@2.2.19.Final//io.undertow.servlet.handlers.security.ServletAuthenticationCallHandler.handleRequest(ServletAuthenticationCallHandler.java:57)
	at io.undertow.core@2.2.19.Final//io.undertow.server.handlers.PredicateHandler.handleRequest(PredicateHandler.java:43)
	at io.undertow.core@2.2.19.Final//io.undertow.security.handlers.AuthenticationConstraintHandler.handleRequest(AuthenticationConstraintHandler.java:53)
	at io.undertow.core@2.2.19.Final//io.undertow.security.handlers.AbstractConfidentialityHandler.handleRequest(AbstractConfidentialityHandler.java:46)
	at io.undertow.servlet@2.2.19.Final//io.undertow.servlet.handlers.security.ServletConfidentialityConstraintHandler.handleRequest(ServletConfidentialityConstraintHandler.java:64)
	at io.undertow.servlet@2.2.19.Final//io.undertow.servlet.handlers.security.ServletSecurityConstraintHandler.handleRequest(ServletSecurityConstraintHandler.java:59)
	at io.undertow.core@2.2.19.Final//io.undertow.security.handlers.AbstractSecurityContextAssociationHandler.handleRequest(AbstractSecurityContextAssociationHandler.java:43)
	at org.wildfly.security.elytron-web.undertow-server-servlet@1.10.1.Final//org.wildfly.elytron.web.undertow.server.servlet.CleanUpHandler.handleRequest(CleanUpHandler.java:38)
	at io.undertow.core@2.2.19.Final//io.undertow.server.handlers.PredicateHandler.handleRequest(PredicateHandler.java:43)
	at org.wildfly.extension.undertow@26.1.3.Final//org.wildfly.extension.undertow.security.jacc.JACCContextIdHandler.handleRequest(JACCContextIdHandler.java:61)
	at io.undertow.core@2.2.19.Final//io.undertow.server.handlers.PredicateHandler.handleRequest(PredicateHandler.java:43)
	at org.wildfly.extension.undertow@26.1.3.Final//org.wildfly.extension.undertow.deployment.GlobalRequestControllerHandler.handleRequest(GlobalRequestControllerHandler.java:68)
	at io.undertow.servlet@2.2.19.Final//io.undertow.servlet.handlers.SendErrorPageHandler.handleRequest(SendErrorPageHandler.java:52)
	at io.undertow.core@2.2.19.Final//io.undertow.server.handlers.PredicateHandler.handleRequest(PredicateHandler.java:43)
	at io.undertow.servlet@2.2.19.Final//io.undertow.servlet.handlers.ServletInitialHandler.handleFirstRequest(ServletInitialHandler.java:275)
	at io.undertow.servlet@2.2.19.Final//io.undertow.servlet.handlers.ServletInitialHandler.access$100(ServletInitialHandler.java:79)
	at io.undertow.servlet@2.2.19.Final//io.undertow.servlet.handlers.ServletInitialHandler$2.call(ServletInitialHandler.java:134)
	at io.undertow.servlet@2.2.19.Final//io.undertow.servlet.handlers.ServletInitialHandler$2.call(ServletInitialHandler.java:131)
	at io.undertow.servlet@2.2.19.Final//io.undertow.servlet.core.ServletRequestContextThreadSetupAction$1.call(ServletRequestContextThreadSetupAction.java:48)
	at io.undertow.servlet@2.2.19.Final//io.undertow.servlet.core.ContextClassLoaderSetupAction$1.call(ContextClassLoaderSetupAction.java:43)
	at org.wildfly.extension.undertow@26.1.3.Final//org.wildfly.extension.undertow.deployment.UndertowDeploymentInfoService$UndertowThreadSetupAction.lambda$create$0(UndertowDeploymentInfoService.java:1544)
	at org.wildfly.extension.undertow@26.1.3.Final//org.wildfly.extension.undertow.deployment.UndertowDeploymentInfoService$UndertowThreadSetupAction.lambda$create$0(UndertowDeploymentInfoService.java:1544)
	at org.wildfly.extension.undertow@26.1.3.Final//org.wildfly.extension.undertow.deployment.UndertowDeploymentInfoService$UndertowThreadSetupAction.lambda$create$0(UndertowDeploymentInfoService.java:1544)
	at org.wildfly.extension.undertow@26.1.3.Final//org.wildfly.extension.undertow.deployment.UndertowDeploymentInfoService$UndertowThreadSetupAction.lambda$create$0(UndertowDeploymentInfoService.java:1544)
	at io.undertow.servlet@2.2.19.Final//io.undertow.servlet.handlers.ServletInitialHandler.dispatchRequest(ServletInitialHandler.java:255)
	at io.undertow.servlet@2.2.19.Final//io.undertow.servlet.handlers.ServletInitialHandler.access$000(ServletInitialHandler.java:79)
	at io.undertow.servlet@2.2.19.Final//io.undertow.servlet.handlers.ServletInitialHandler$1.handleRequest(ServletInitialHandler.java:100)
	at io.undertow.core@2.2.19.Final//io.undertow.server.Connectors.executeRootHandler(Connectors.java:387)
	at io.undertow.core@2.2.19.Final//io.undertow.server.HttpServerExchange$1.run(HttpServerExchange.java:852)
	at org.jboss.threads@2.4.0.Final//org.jboss.threads.ContextClassLoaderSavingRunnable.run(ContextClassLoaderSavingRunnable.java:35)
	at org.jboss.threads@2.4.0.Final//org.jboss.threads.EnhancedQueueExecutor.safeRun(EnhancedQueueExecutor.java:1990)
	at org.jboss.threads@2.4.0.Final//org.jboss.threads.EnhancedQueueExecutor$ThreadBody.doRunTask(EnhancedQueueExecutor.java:1486)
	at org.jboss.threads@2.4.0.Final//org.jboss.threads.EnhancedQueueExecutor$ThreadBody.run(EnhancedQueueExecutor.java:1348)
	at org.jboss.xnio@3.8.7.Final//org.xnio.XnioWorker$WorkerThreadFactory$1$1.run(XnioWorker.java:1282)
	at java.base/java.lang.Thread.run(Thread.java:1583)

